<?xml version="1.0" encoding="UTF-8"?>
<!-- Generated by org.testng.reporters.JUnitReportReporter -->
<testsuite hostname="DESKTOP-RUFP0BD" failures="0" tests="12" name="com.freecrm.testcases.LoginPageTest" time="131.039" errors="0" timestamp="2023-01-10T05:03:52 EET" skipped="0">
  <testcase classname="com.freecrm.testcases.LoginPageTest" name="loginTest" time="10.710"/>
  <system-out/>
  <testcase classname="com.freecrm.testcases.LoginPageTest" name="loginTest" time="11.629"/>
  <system-out/>
  <testcase classname="com.freecrm.testcases.LoginPageTest" name="loginTest" time="16.223"/>
  <system-out/>
  <testcase classname="com.freecrm.testcases.LoginPageTest" name="titleTest" time="7.597"/>
  <system-out/>
  <testcase classname="com.freecrm.testcases.LoginPageTest" name="urlCheck" time="7.129"/>
  <system-out/>
  <testcase classname="com.freecrm.testcases.LoginPageTest" name="logoCheck" time="6.920"/>
  <system-out/>
  <testcase classname="com.freecrm.testcases.LoginPageTest" name="clickHomeCheck" time="11.738"/>
  <system-out/>
  <testcase classname="com.freecrm.testcases.LoginPageTest" name="clickSignUpCheck" time="13.404"/>
  <system-out/>
  <testcase classname="com.freecrm.testcases.LoginPageTest" name="clickPricingCheck" time="10.917"/>
  <system-out/>
  <testcase classname="com.freecrm.testcases.LoginPageTest" name="clickFeaturesCheck" time="11.731"/>
  <system-out/>
  <testcase classname="com.freecrm.testcases.LoginPageTest" name="clickCustomersCheck" time="10.798"/>
  <system-out/>
  <testcase classname="com.freecrm.testcases.LoginPageTest" name="clickContactCheck" time="12.243"/>
  <system-out/>
</testsuite> <!-- com.freecrm.testcases.LoginPageTest -->
